[    0.000000] Initializing cgroup subsys cpuset
[    0.000000] Initializing cgroup subsys cpu
[    0.000000] Initializing cgroup subsys cpuacct
[    0.000000] Linux version 4.4.0-89-generic (buildd@lgw01-18) (gcc version 5.4.0 20160609 (Ubuntu 5.4.0-6ubuntu1~16.04.4) ) #112-Ubuntu SMP Mon Jul 31 19:38:41 UTC 2017 (Ubuntu 4.4.0-89.112-generic 4.4.76)
[    0.000000] Command line: BOOT_IMAGE=/boot/vmlinuz-4.4.0-89-generic root=LABEL=cloudimg-rootfs ro console=tty1 console=ttyS0
[    0.000000] KERNEL supported cpus:
[    0.000000]   Intel GenuineIntel
[    0.000000]   AMD AuthenticAMD
[    0.000000]   Centaur CentaurHauls
[    0.000000] x86/fpu: xstate_offset[2]:  576, xstate_sizes[2]:  256
[    0.000000] x86/fpu: Supporting XSAVE feature 0x01: 'x87 floating point registers'
[    0.000000] x86/fpu: Supporting XSAVE feature 0x02: 'SSE registers'
[    0.000000] x86/fpu: Supporting XSAVE feature 0x04: 'AVX registers'
[    0.000000] x86/fpu: Enabled xstate features 0x7, context size is 832 bytes, using 'standard' format.
[    0.000000] x86/fpu: Using 'lazy' FPU context switches.
[    0.000000] e820: BIOS-provided physical RAM map:
[    0.000000] BIOS-e820: [mem 0x0000000000000000-0x000000000009fbff] usable
[    0.000000] BIOS-e820: [mem 0x000000000009fc00-0x000000000009ffff] reserved
[    0.000000] BIOS-e820: [mem 0x00000000000f0000-0x00000000000fffff] reserved
[    0.000000] BIOS-e820: [mem 0x0000000000100000-0x000000003ffeffff] usable
[    0.000000] BIOS-e820: [mem 0x000000003fff0000-0x000000003fffffff] ACPI data
[    0.000000] BIOS-e820: [mem 0x00000000fec00000-0x00000000fec00fff] reserved
[    0.000000] BIOS-e820: [mem 0x00000000fee00000-0x00000000fee00fff] reserved
[    0.000000] BIOS-e820: [mem 0x00000000fffc0000-0x00000000ffffffff] reserved
[    0.000000] NX (Execute Disable) protection: active
[    0.000000] SMBIOS 2.5 present.
[    0.000000] Hypervisor detected: KVM
[    0.000000] e820: last_pfn = 0x3fff0 max_arch_pfn = 0x400000000
[    0.000000] MTRR: Disabled
[    0.000000] x86/PAT: MTRRs disabled, skipping PAT initialization too.
[    0.000000] x86/PAT: Configuration [0-7]: WB  WT  UC- UC  WB  WT  UC- UC  
[    0.000000] CPU MTRRs all blank - virtualized system.
[    0.000000] found SMP MP-table at [mem 0x0009fff0-0x0009ffff] mapped at [ffff88000009fff0]
[    0.000000] Scanning 1 areas for low memory corruption
[    0.000000] RAMDISK: [mem 0x36ac4000-0x37559fff]
[    0.000000] ACPI: Early table checksum verification disabled
[    0.000000] ACPI: RSDP 0x00000000000E0000 000024 (v02 VBOX  )
[    0.000000] ACPI: XSDT 0x000000003FFF0030 00003C (v01 VBOX   VBOXXSDT 00000001 ASL  00000061)
[    0.000000] ACPI: FACP 0x000000003FFF00F0 0000F4 (v04 VBOX   VBOXFACP 00000001 ASL  00000061)
[    0.000000] ACPI: DSDT 0x000000003FFF0470 0021C8 (v02 VBOX   VBOXBIOS 00000002 INTL 20100528)
[    0.000000] ACPI: FACS 0x000000003FFF0200 000040
[    0.000000] ACPI: FACS 0x000000003FFF0200 000040
[    0.000000] ACPI: APIC 0x000000003FFF0240 00005C (v02 VBOX   VBOXAPIC 00000001 ASL  00000061)
[    0.000000] ACPI: SSDT 0x000000003FFF02A0 0001CC (v01 VBOX   VBOXCPUT 00000002 INTL 20100528)
[    0.000000] No NUMA configuration found
[    0.000000] Faking a node at [mem 0x0000000000000000-0x000000003ffeffff]
[    0.000000] NODE_DATA(0) allocated [mem 0x3ffeb000-0x3ffeffff]
[    0.000000] kvm-clock: Using msrs 4b564d01 and 4b564d00
[    0.000000] kvm-clock: cpu 0, msr 0:3ffe3001, primary cpu clock
[    0.000000] kvm-clock: using sched offset of 3165458101 cycles
[    0.000000] clocksource: kvm-clock: mask: 0xffffffffffffffff max_cycles: 0x1cd42e4dffb, max_idle_ns: 881590591483 ns
[    0.000000] Zone ranges:
[    0.000000]   DMA      [mem 0x0000000000001000-0x0000000000ffffff]
[    0.000000]   DMA32    [mem 0x0000000001000000-0x000000003ffeffff]
[    0.000000]   Normal   empty
[    0.000000]   Device   empty
[    0.000000] Movable zone start for each node
[    0.000000] Early memory node ranges
[    0.000000]   node   0: [mem 0x0000000000001000-0x000000000009efff]
[    0.000000]   node   0: [mem 0x0000000000100000-0x000000003ffeffff]
[    0.000000] Initmem setup node 0 [mem 0x0000000000001000-0x000000003ffeffff]
[    0.000000] ACPI: PM-Timer IO Port: 0x4008
[    0.000000] IOAPIC[0]: apic_id 2, version 32, address 0xfec00000, GSI 0-23
[    0.000000] ACPI: INT_SRC_OVR (bus 0 bus_irq 0 global_irq 2 dfl dfl)
[    0.000000] ACPI: INT_SRC_OVR (bus 0 bus_irq 9 global_irq 9 high level)
[    0.000000] Using ACPI (MADT) for SMP configuration information
[    0.000000] smpboot: Allowing 2 CPUs, 0 hotplug CPUs
[    0.000000] PM: Registered nosave memory: [mem 0x00000000-0x00000fff]
[    0.000000] PM: Registered nosave memory: [mem 0x0009f000-0x0009ffff]
[    0.000000] PM: Registered nosave memory: [mem 0x000a0000-0x000effff]
[    0.000000] PM: Registered nosave memory: [mem 0x000f0000-0x000fffff]
[    0.000000] e820: [mem 0x40000000-0xfebfffff] available for PCI devices
[    0.000000] Booting paravirtualized kernel on KVM
[    0.000000] clocksource: refined-jiffies: mask: 0xffffffff max_cycles: 0xffffffff, max_idle_ns: 7645519600211568 ns
[    0.000000] setup_percpu: NR_CPUS:512 nr_cpumask_bits:512 nr_cpu_ids:2 nr_node_ids:1
[    0.000000] PERCPU: Embedded 33 pages/cpu @ffff88003fc00000 s98264 r8192 d28712 u1048576
[    0.000000] PV qspinlock hash table entries: 256 (order: 0, 4096 bytes)
[    0.000000] Built 1 zonelists in Node order, mobility grouping on.  Total pages: 257913
[    0.000000] Policy zone: DMA32
[    0.000000] Kernel command line: BOOT_IMAGE=/boot/vmlinuz-4.4.0-89-generic root=LABEL=cloudimg-rootfs ro console=tty1 console=ttyS0
[    0.000000] PID hash table entries: 4096 (order: 3, 32768 bytes)
[    0.000000] Memory: 1001736K/1048120K available (8474K kernel code, 1294K rwdata, 3984K rodata, 1488K init, 1316K bss, 46384K reserved, 0K cma-reserved)
[    0.000000] SLUB: HWalign=64, Order=0-3, MinObjects=0, CPUs=2, Nodes=1
[    0.000000] Hierarchical RCU implementation.
[    0.000000] 	Build-time adjustment of leaf fanout to 64.
[    0.000000] 	RCU restricting CPUs from NR_CPUS=512 to nr_cpu_ids=2.
[    0.000000] RCU: Adjusting geometry for rcu_fanout_leaf=64, nr_cpu_ids=2
[    0.000000] NR_IRQS:33024 nr_irqs:440 16
[    0.000000] Console: colour VGA+ 80x25
[    0.000000] console [tty1] enabled
[    0.000000] console [ttyS0] enabled
[    0.000000] tsc: Detected 1599.999 MHz processor
[    1.841701] Calibrating delay loop (skipped) preset value.. 3199.99 BogoMIPS (lpj=6399996)
[    1.850006] pid_max: default: 32768 minimum: 301
[    1.866995] ACPI: Core revision 20150930
[    1.901238] ACPI: 2 ACPI AML tables successfully acquired and loaded
[    1.910050] Security Framework initialized
[    1.911137] Yama: becoming mindful.
[    1.912118] AppArmor: AppArmor initialized
[    1.919039] Dentry cache hash table entries: 131072 (order: 8, 1048576 bytes)
[    1.920900] Inode-cache hash table entries: 65536 (order: 7, 524288 bytes)
[    1.929764] Mount-cache hash table entries: 2048 (order: 2, 16384 bytes)
[    1.961610] Mountpoint-cache hash table entries: 2048 (order: 2, 16384 bytes)
[    1.963550] Initializing cgroup subsys io
[    1.975813] Initializing cgroup subsys memory
[    1.986536] Initializing cgroup subsys devices
[    1.987953] Initializing cgroup subsys freezer
[    1.989147] Initializing cgroup subsys net_cls
[    1.990338] Initializing cgroup subsys perf_event
[    1.991558] Initializing cgroup subsys net_prio
[    1.992754] Initializing cgroup subsys hugetlb
[    2.006986] Initializing cgroup subsys pids
[    2.009068] CPU: Physical Processor ID: 0
[    2.039240] CPU: Processor Core ID: 0
[    2.070093] mce: CPU supports 0 MCE banks
[    2.117876] Last level iTLB entries: 4KB 64, 2MB 8, 4MB 8
[    2.155263] Last level dTLB entries: 4KB 64, 2MB 0, 4MB 0, 1GB 4
[    2.206603] Freeing SMP alternatives memory: 32K (ffffffff820b9000 - ffffffff820c1000)
[    2.294589] ftrace: allocating 32131 entries in 126 pages
[    2.388005] smpboot: APIC(0) Converting physical 0 to logical package 0
[    2.421843] smpboot: Max logical packages: 1
[    2.465681] x2apic enabled
[    2.497810] Switched APIC routing to physical x2apic.
[    2.508339] ..TIMER: vector=0x30 apic1=0 pin1=2 apic2=-1 pin2=-1
[    2.617140] smpboot: CPU0: Intel(R) Core(TM) i5-5250U CPU @ 1.60GHz (family: 0x6, model: 0x3d, stepping: 0x4)
[    2.659681] Performance Events: unsupported p6 CPU model 61 no PMU driver, software events only.
[    2.695384] KVM setup paravirtual spinlock
[    2.735992] x86: Booting SMP configuration:
[    2.783319] .... node  #0, CPUs:      #1
[    2.818171] kvm-clock: cpu 1, msr 0:3ffe3041, secondary cpu clock
[    2.829733] mce: CPU supports 0 MCE banks
[    2.832381] x86: Booted up 1 node, 2 CPUs
[    2.857432] smpboot: Total of 2 processors activated (6399.99 BogoMIPS)
[    2.895247] devtmpfs: initialized
[    2.939169] evm: security.selinux
[    2.978554] evm: security.SMACK64
[    3.009866] evm: security.SMACK64EXEC
[    3.043089] evm: security.SMACK64TRANSMUTE
[    3.044984] evm: security.SMACK64MMAP
[    3.065577] evm: security.ima
[    3.066546] evm: security.capability
[    3.092934] clocksource: jiffies: mask: 0xffffffff max_cycles: 0xffffffff, max_idle_ns: 7645041785100000 ns
[    3.143685] futex hash table entries: 512 (order: 3, 32768 bytes)
[    3.201360] pinctrl core: initialized pinctrl subsystem
[    3.259065] RTC time: 10:05:01, date: 08/10/17
[    3.268831] NET: Registered protocol family 16
[    3.325523] cpuidle: using governor ladder
[    3.377790] cpuidle: using governor menu
[    3.409068] PCCT header not found.
[    3.441522] ACPI: bus type PCI registered
[    3.488541] acpiphp: ACPI Hot Plug PCI Controller Driver version: 0.5
[    3.547445] PCI: Using configuration type 1 for base access
[    3.622763] ACPI: Added _OSI(Module Device)
[    3.641455] ACPI: Added _OSI(Processor Device)
[    3.668049] ACPI: Added _OSI(3.0 _SCP Extensions)
[    3.706930] ACPI: Added _OSI(Processor Aggregator Device)
[    3.727301] ACPI: Executed 1 blocks of module-level executable AML code
[    3.737453] ACPI: Interpreter enabled
[    3.765701] ACPI: (supports S0 S5)
[    3.798953] ACPI: Using IOAPIC for interrupt routing
[    3.847153] PCI: Using host bridge windows from ACPI; if necessary, use "pci=nocrs" and report a bug
[    3.918153] ACPI: PCI Root Bridge [PCI0] (domain 0000 [bus 00-ff])
[    3.973440] acpi PNP0A03:00: _OSC: OS supports [ASPM ClockPM Segments MSI]
[    4.001042] acpi PNP0A03:00: _OSC failed (AE_NOT_FOUND); disabling ASPM
[    4.067277] acpi PNP0A03:00: fail to add MMCONFIG information, can't access extended PCI configuration space under this bridge.
[    4.195523] PCI host bridge to bus 0000:00
[    4.247570] pci_bus 0000:00: root bus resource [io  0x0000-0x0cf7 window]
[    4.277401] pci_bus 0000:00: root bus resource [io  0x0d00-0xffff window]
[    4.329557] pci_bus 0000:00: root bus resource [mem 0x000a0000-0x000bffff window]
[    4.403395] pci_bus 0000:00: root bus resource [mem 0x40000000-0xffdfffff window]
[    4.431385] pci_bus 0000:00: root bus resource [bus 00-ff]
[    4.459690] pci 0000:00:01.1: legacy IDE quirk: reg 0x10: [io  0x01f0-0x01f7]
[    4.528688] pci 0000:00:01.1: legacy IDE quirk: reg 0x14: [io  0x03f6]
[    4.605676] pci 0000:00:01.1: legacy IDE quirk: reg 0x18: [io  0x0170-0x0177]
[    4.651574] pci 0000:00:01.1: legacy IDE quirk: reg 0x1c: [io  0x0376]
[    4.727901] pci 0000:00:07.0: quirk: [io  0x4000-0x403f] claimed by PIIX4 ACPI
[    4.761281] pci 0000:00:07.0: quirk: [io  0x4100-0x410f] claimed by PIIX4 SMB
[    4.837382] ACPI: PCI Interrupt Link [LNKA] (IRQs 5 9 10 *11)
[    4.879682] ACPI: PCI Interrupt Link [LNKB] (IRQs 5 9 10 *11)
[    4.931098] ACPI: PCI Interrupt Link [LNKC] (IRQs 5 9 *10 11)
[    4.956514] ACPI: PCI Interrupt Link [LNKD] (IRQs 5 *9 10 11)
[    4.992370] ACPI: Enabled 2 GPEs in block 00 to 07
[    4.993979] vgaarb: setting as boot device: PCI:0000:00:02.0
[    4.995171] vgaarb: device added: PCI:0000:00:02.0,decodes=io+mem,owns=io+mem,locks=none
[    4.996989] vgaarb: loaded
[    4.997731] vgaarb: bridge control possible 0000:00:02.0
[    5.009941] SCSI subsystem initialized
[    5.050045] ACPI: bus type USB registered
[    5.082047] usbcore: registered new interface driver usbfs
[    5.086589] usbcore: registered new interface driver hub
[    5.106289] usbcore: registered new device driver usb
[    5.155986] PCI: Using ACPI for IRQ routing
[    5.194284] NetLabel: Initializing
[    5.219208] NetLabel:  domain hash size = 128
[    5.220357] NetLabel:  protocols = UNLABELED CIPSOv4
[    5.221629] NetLabel:  unlabeled traffic allowed by default
[    5.268077] amd_nb: Cannot enumerate AMD northbridges
[    5.316025] clocksource: Switched to clocksource kvm-clock
[    5.366318] AppArmor: AppArmor Filesystem Enabled
[    5.425868] pnp: PnP ACPI init
[    5.474277] pnp: PnP ACPI: found 3 devices
[    5.574103] clocksource: acpi_pm: mask: 0xffffff max_cycles: 0xffffff, max_idle_ns: 2085701024 ns
[    5.709564] NET: Registered protocol family 2
[    5.755259] TCP established hash table entries: 8192 (order: 4, 65536 bytes)
[    5.781532] TCP bind hash table entries: 8192 (order: 5, 131072 bytes)
[    5.858047] TCP: Hash tables configured (established 8192 bind 8192)
[    5.859757] UDP hash table entries: 512 (order: 2, 16384 bytes)
[    5.861397] UDP-Lite hash table entries: 512 (order: 2, 16384 bytes)
[    5.867846] NET: Registered protocol family 1
[    5.913604] pci 0000:00:00.0: Limiting direct PCI/PCI transfers
[    5.964165] pci 0000:00:01.0: Activating ISA DMA hang workarounds
[    5.974359] Unpacking initramfs...
[    8.095176] Freeing initrd memory: 10840K (ffff880036ac4000 - ffff88003755a000)
[    8.125278] RAPL PMU detected, API unit is 2^-32 Joules, 4 fixed counters 10737418240 ms ovfl timer
[    8.190726] hw unit of domain pp0-core 2^-0 Joules
[    8.213215] hw unit of domain package 2^-0 Joules
[    8.245918] hw unit of domain dram 2^-0 Joules
[    8.276865] hw unit of domain pp1-gpu 2^-0 Joules
[    8.316967] platform rtc_cmos: registered platform RTC device (no PNP device found)
[    8.403553] Scanning for low memory corruption every 60 seconds
[    8.457721] audit: initializing netlink subsys (disabled)
[    8.494974] audit: type=2000 audit(1502359506.284:1): initialized
[    8.534848] Initialise system trusted keyring
[    8.595296] HugeTLB registered 2 MB page size, pre-allocated 0 pages
[    8.728892] zbud: loaded
[    8.767841] VFS: Disk quotas dquot_6.6.0
[    8.819124] VFS: Dquot-cache hash table entries: 512 (order 0, 4096 bytes)
[    8.834459] squashfs: version 4.0 (2009/01/31) Phillip Lougher
[    8.876337] fuse init (API version 7.23)
[    8.917724] Key type big_key registered
[    8.965173] Allocating IMA MOK and blacklist keyrings.
[    8.969442] Key type asymmetric registered
[    8.984952] Asymmetric key parser 'x509' registered
[    9.037200] Block layer SCSI generic (bsg) driver version 0.4 loaded (major 249)
[    9.123652] io scheduler noop registered
[    9.152830] io scheduler deadline registered (default)
[    9.201715] io scheduler cfq registered
[    9.213295] pci_hotplug: PCI Hot Plug PCI Core version: 0.5
[    9.235339] pciehp: PCI Express Hot Plug Controller Driver version: 0.4
[    9.259559] ACPI: AC Adapter [AC] (off-line)
[    9.279445] input: Power Button as /devices/LNXSYSTM:00/LNXPWRBN:00/input/input0
[    9.321265] tsc: Refined TSC clocksource calibration: 1599.739 MHz
[    9.367101] clocksource: tsc: mask: 0xffffffffffffffff max_cycles: 0x170f2e6a68a, max_idle_ns: 440795271049 ns
[    9.367180] ACPI: Power Button [PWRF]
ÿ[    9.367294] input: Sleep Button as /devices/LNXSYSTM:00/LNXSLPBN:00/input/input1
[    9.367295] ACPI: Sleep Button [SLPF]
[    9.367518] GHES: HEST is not enabled!
[    9.442712] ACPI: Battery Slot [BAT0] (battery present)
[    9.442785] Serial: 8250/16550 driver, 32 ports, IRQ sharing enabled
[    9.476192] 00:02: ttyS0 at I/O 0x3f8 (irq = 4, base_baud = 115200) is a 16550A
[    9.569305] Linux agpgart interface v0.103
[    9.577481] loop: module loaded
[    9.578051] scsi host0: ata_piix
[    9.578107] scsi host1: ata_piix
[    9.578140] ata1: PATA max UDMA/33 cmd 0x1f0 ctl 0x3f6 bmdma 0xd000 irq 14
[    9.578141] ata2: PATA max UDMA/33 cmd 0x170 ctl 0x376 bmdma 0xd008 irq 15
[    9.578215] libphy: Fixed MDIO Bus: probed
[    9.578218] tun: Universal TUN/TAP device driver, 1.6
[    9.578218] tun: (C) 1999-2004 Max Krasnyansky <maxk@qualcomm.com>
[    9.578560] PPP generic driver version 2.4.2
[    9.578617] ehci_hcd: USB 2.0 'Enhanced' Host Controller (EHCI) Driver
[    9.578621] ehci-pci: EHCI PCI platform driver
[    9.578638] ehci-platform: EHCI generic platform driver
[    9.578646] ohci_hcd: USB 1.1 'Open' Host Controller (OHCI) Driver
[    9.578649] ohci-pci: OHCI PCI platform driver
[    9.578658] ohci-platform: OHCI generic platform driver
[    9.578665] uhci_hcd: USB Universal Host Controller Interface driver
[    9.578723] i8042: PNP: PS/2 Controller [PNP0303:PS2K,PNP0f03:PS2M] at 0x60,0x64 irq 1,12
[    9.579224] serio: i8042 KBD port at 0x60,0x64 irq 1
[    9.579228] serio: i8042 AUX port at 0x60,0x64 irq 12
[    9.579330] mousedev: PS/2 mouse device common for all mice
[    9.579617] input: AT Translated Set 2 keyboard as /devices/platform/i8042/serio0/input/input2
[    9.579983] rtc_cmos rtc_cmos: rtc core: registered rtc_cmos as rtc0
[    9.580044] rtc_cmos rtc_cmos: alarms up to one day, 114 bytes nvram
[    9.580052] i2c /dev entries driver
[    9.580107] device-mapper: uevent: version 1.0.3
[    9.580160] device-mapper: ioctl: 4.34.0-ioctl (2015-10-28) initialised: dm-devel@redhat.com
[    9.580179] ledtrig-cpu: registered to indicate activity on CPUs
[    9.580439] NET: Registered protocol family 10
[    9.580616] NET: Registered protocol family 17
[    9.580627] Key type dns_resolver registered
[    9.580761] microcode: CPU0 sig=0x306d4, pf=0x40, revision=0x0
[    9.582579] microcode: CPU1 sig=0x306d4, pf=0x40, revision=0x0
[    9.582607] microcode: Microcode Update Driver: v2.01 <tigran@aivazian.fsnet.co.uk>, Peter Oruba
[    9.582720] registered taskstats version 1
[    9.582735] Loading compiled-in X.509 certificates
[    9.583457] Loaded X.509 cert 'Build time autogenerated kernel key: 420a71e958a947963108b13c1c2e45412a03ca90'
[    9.583480] zswap: loaded using pool lzo/zbud
[    9.585531] Key type trusted registered
[    9.587893] Key type encrypted registered
[    9.587899] AppArmor: AppArmor sha1 policy hashing enabled
[    9.587902] ima: No TPM chip found, activating TPM-bypass!
[    9.587919] evm: HMAC attrs: 0x1
[    9.588294]   Magic number: 13:335:72
[    9.592658] rtc_cmos rtc_cmos: setting system clock to 2017-08-10 10:05:07 UTC (1502359507)
[    9.592745] BIOS EDD facility v0.16 2004-Jun-25, 0 devices found
[    9.592746] EDD information not available.
[   11.603902] Freeing unused kernel memory: 1488K (ffffffff81f45000 - ffffffff820b9000)
[   11.619798] Write protecting the kernel read-only data: 14336k
[   11.677633] Freeing unused kernel memory: 1752K (ffff88000184a000 - ffff880001a00000)
[   11.746724] Freeing unused kernel memory: 112K (ffff880001de4000 - ffff880001e00000)
Loading, please wait...
[   11.765074] random: systemd-udevd: uninitialized urandom read (16 bytes read, 5 bits of entropy available)
starting version 229
[   11.765871] random: udevadm: uninitialized urandom read (16 bytes read, 5 bits of entropy available)
[   11.765913] random: udevadm: uninitialized urandom read (16 bytes read, 5 bits of entropy available)
[   11.766027] random: udevadm: uninitialized urandom read (16 bytes read, 5 bits of entropy available)
[   11.766071] random: udevadm: uninitialized urandom read (16 bytes read, 5 bits of entropy available)
[   11.766114] random: udevadm: uninitialized urandom read (16 bytes read, 5 bits of entropy available)
[   11.766161] random: udevadm: uninitialized urandom read (16 bytes read, 5 bits of entropy available)
[   11.766204] random: udevadm: uninitialized urandom read (16 bytes read, 5 bits of entropy available)
[   11.766242] random: udevadm: uninitialized urandom read (16 bytes read, 5 bits of entropy available)
[   11.766280] random: udevadm: uninitialized urandom read (16 bytes read, 5 bits of entropy available)
[   12.399801] e1000: Intel(R) PRO/1000 Network Driver - version 7.3.21-k8-NAPI
[   12.416187] e1000: Copyright (c) 1999-2006 Intel Corporation.
[   12.442704] AVX version of gcm_enc/dec engaged.
[   12.447399] Fusion MPT base driver 3.04.20
[   12.447400] Copyright (c) 1999-2008 LSI Corporation
[   12.455101] AES CTR mode by8 optimization enabled
[   12.482458] Fusion MPT SPI Host driver 3.04.20
[   12.633851] input: ImExPS/2 Generic Explorer Mouse as /devices/platform/i8042/serio1/input/input4
[   12.858363] e1000 0000:00:03.0 eth0: (PCI:33MHz:32-bit) 02:c0:e2:3c:71:11
[   12.919062] e1000 0000:00:03.0 eth0: Intel(R) PRO/1000 Network Connection
[   12.957694] mptbase: ioc0: Initiating bringup
[   13.028817] ioc0: LSI53C1030 A0: Capabilities={Initiator}
[   13.300163] scsi host2: ioc0: LSI53C1030 A0, FwRev=00000000h, Ports=1, MaxQ=256, IRQ=20
[   13.464581] scsi 2:0:0:0: Direct-Access     VBOX     HARDDISK         1.0  PQ: 0 ANSI: 5
[   13.527297] scsi target2:0:0: Beginning Domain Validation
[   13.552156] scsi target2:0:0: Domain Validation skipping write tests
[   13.557254] scsi target2:0:0: Ending Domain Validation
[   13.558837] scsi target2:0:0: asynchronous
[   13.560536] scsi 2:0:1:0: Direct-Access     VBOX     HARDDISK         1.0  PQ: 0 ANSI: 5
[   13.562952] scsi target2:0:1: Beginning Domain Validation
[   13.570854] scsi target2:0:1: Domain Validation skipping write tests
[   13.572618] scsi target2:0:1: Ending Domain Validation
[   13.574190] scsi target2:0:1: asynchronous
[   13.584990] sd 2:0:0:0: Attached scsi generic sg0 type 0
[   13.587873] sd 2:0:0:0: [sda] 20971520 512-byte logical blocks: (10.7 GB/10.0 GiB)
[   13.590772] sd 2:0:1:0: [sdb] 20480 512-byte logical blocks: (10.5 MB/10.0 MiB)
[   13.601785] sd 2:0:0:0: [sda] Write Protect is off
[   13.622564] sd 2:0:1:0: Attached scsi generic sg1 type 0
[   13.649627] sd 2:0:0:0: [sda] Incomplete mode parameter data
[   13.681283] sd 2:0:0:0: [sda] Assuming drive cache: write through
[   13.717367] sd 2:0:1:0: [sdb] Write Protect is off
[   13.723346] sd 2:0:1:0: [sdb] Incomplete mode parameter data
[   13.724994] sd 2:0:1:0: [sdb] Assuming drive cache: write through
[   13.731309]  sda: sda1
[   13.741764] sd 2:0:1:0: [sdb] Attached SCSI disk
[   13.760321] sd 2:0:0:0: [sda] Attached SCSI disk
[   13.866849] e1000 0000:00:08.0 eth1: (PCI:33MHz:32-bit) 08:00:27:b7:5d:a7
[   13.876570] e1000 0000:00:08.0 eth1: Intel(R) PRO/1000 Network Connection
[   13.892146] e1000 0000:00:08.0 enp0s8: renamed from eth1
[   13.905131] e1000 0000:00:03.0 enp0s3: renamed from eth0
[   15.429109] floppy0: no floppy controllers found
Begin: Loading essential drivers[   16.839638] md: linear personality registered for level -1
 ... [   16.912249] md: multipath personality registered for level -4
[   16.969504] md: raid0 personality registered for level 0
[   17.023679] md: raid1 personality registered for level 1
[   17.168199] raid6: sse2x1   gen()  5116 MB/s
[   17.276121] raid6: sse2x1   xor()  5263 MB/s
[   17.400572] raid6: sse2x2   gen()  9223 MB/s
[   17.508350] raid6: sse2x2   xor()  6277 MB/s
[   17.600074] raid6: sse2x4   gen() 10504 MB/s
[   17.712099] raid6: sse2x4   xor()  7094 MB/s
[   17.744872] raid6: using algorithm sse2x4 gen() 10504 MB/s
[   17.783499] raid6: .... xor() 7094 MB/s, rmw enabled
[   17.806185] raid6: using ssse3x2 recovery algorithm
[   17.859699] xor: automatically using best checksumming function:
[   17.956046]    avx       : 23795.000 MB/sec
[   18.004144] async_tx: api initialized (async)
[   18.067326] md: raid6 personality registered for level 6
[   18.102618] md: raid5 personality registered for level 5
[   18.165133] md: raid4 personality registered for level 4
[   18.214500] md: raid10 personality registered for level 10
done.
Begin: Running /scripts/init-premount ... done.
Begin: M[   18.253265] Btrfs loaded
ounting root file system ... Begin: Running /scripts/local-top ... done.
Begin: Running /scripts/local-premount ... Scanning for Btrfs filesystems
done.
Warning: fsck not present, so skipping root file system
[   18.339626] EXT4-fs (sda1): mounted filesystem with ordered data mode. Opts: (null)
done.
Begin: Running /scripts/local-bottom ... done.
Begin: Running /scripts/init-bottom ... done.
[   18.442469] systemd[1]: systemd 229 running in system mode. (+PAM +AUDIT +SELINUX +IMA +APPARMOR +SMACK +SYSVINIT +UTMP +LIBCRYPTSETUP +GCRYPT +GNUTLS +ACL +XZ -LZ4 +SECCOMP +BLKID +ELFUTILS +KMOD -IDN)
[   18.475452] systemd[1]: Detected virtualization oracle.
[   18.498647] systemd[1]: Detected architecture x86-64.

Welcome to [1mUbuntu 16.04.3 LTS[0m!

[   18.553075] systemd[1]: Set hostname to <ubuntu>.
[   18.589081] systemd[1]: Initializing machine ID from random generator.
[   18.686684] systemd[1]: Installed transient /etc/machine-id file.
[   18.849184] systemd[1]: Listening on Journal Socket (/dev/log).
[[0;32m  OK  [0m] Listening on Journal Socket (/dev/log).
[   18.892890] systemd[1]: Listening on /dev/initctl Compatibility Named Pipe.
[[0;32m  OK  [0m] Listening on /dev/initctl Compatibility Named Pipe.
[   18.916574] systemd[1]: Listening on udev Control Socket.
[[0;32m  OK  [0m] Listening on udev Control Socket.
[   18.924416] systemd[1]: Listening on LVM2 poll daemon socket.
[[0;32m  OK  [0m] Listening on LVM2 poll daemon socket.
[   18.993925] systemd[1]: Created slice System Slice.
[[0;32m  OK  [0m] Created slice System Slice.
[   19.116901] systemd[1]: Reached target Swap.
[[0;32m  OK  [0m] Reached target Swap.
[   19.228868] systemd[1]: Listening on Journal Audit Socket.
[[0;32m  OK  [0m] Listening on Journal Audit Socket.
[   19.358521] systemd[1]: Listening on LVM2 metadata daemon socket.
[[0;32m  OK  [0m] Listening on LVM2 metadata daemon socket.
[   19.384853] systemd[1]: Reached target User and Group Name Lookups.
[[0;32m  OK  [0m] Reached target User and Group Name Lookups.
[   19.464630] systemd[1]: Listening on Device-mapper event daemon FIFOs.
[[0;32m  OK  [0m] Listening on Device-mapper event daemon FIFOs.
[   19.492857] systemd[1]: Set up automount Arbitrary Executable File Formats File System Automount Point.
[[0;32m  OK  [0m] Set up automount Arbitrary Executab...ats File System Automount Point.
[   19.532841] systemd[1]: Listening on udev Kernel Socket.
[[0;32m  OK  [0m] Listening on udev Kernel Socket.
[   19.577013] systemd[1]: Started Trigger resolvconf update for networkd DNS.
[[0;32m  OK  [0m] Started Trigger resolvconf update for networkd DNS.
[   19.644499] systemd[1]: Reached target Encrypted Volumes.
[[0;32m  OK  [0m] Reached target Encrypted Volumes.
[   19.673026] systemd[1]: Started Forward Password Requests to Wall Directory Watch.
[[0;32m  OK  [0m] Started Forward Password Requests to Wall Directory Watch.
[   19.755169] systemd[1]: Created slice system-serial\x2dgetty.slice.
[[0;32m  OK  [0m] Created slice system-serial\x2dgetty.slice.
[   19.758966] systemd[1]: Listening on Syslog Socket.
[[0;32m  OK  [0m] Listening on Syslog Socket.
[   19.761788] systemd[1]: Listening on Journal Socket.
[[0;32m  OK  [0m] Listening on Journal Socket.
[   19.784604] systemd[1]: Starting Journal Service...
[   19.786865] random: nonblocking pool is initialized
         Starting Journal Service...
[   19.828313] systemd[1]: Mounting POSIX Message Queue File System...
         Mounting POSIX Message Queue File System...
[   19.884709] systemd[1]: Starting Remount Root and Kernel File Systems...
         Starting Remount Root and Kernel File Systems...
[   19.897142] EXT4-fs (sda1): re-mounted. Opts: (null)
[   19.898040] systemd[1]: Starting Create list of required static device nodes for the current kernel...
         Starting Create list of required st... nodes for the current kernel...
[   20.024767] systemd[1]: Starting Monitoring of LVM2 mirrors, snapshots etc. using dmeventd or progress polling...
         Starting Monitoring of LVM2 mirrors... dmeventd or progress polling...
[   20.172256] systemd[1]: Mounting Debug File System...
         Mounting Debug File System...
[   20.256541] systemd[1]: Mounting Huge Pages File System...
         Mounting Huge Pages File System...
[   20.356496] systemd[1]: Starting Nameserver information manager...
         Starting Nameserver information manager...
[   20.456458] systemd[1]: Starting Set console keymap...
         Starting Set console keymap...
[   20.510778] systemd[1]: Starting Load Kernel Modules...
         Starting Load Ke[   20.586844] Loading iSCSI transport class v2.0-870.
rnel Modules...
[   20.621604] iscsi: registered transport (tcp)
[   20.657263] systemd[1]: Starting Uncomplicated firewall...
         Starting Uncomplicated firewall...
[   20.675932] systemd[1]: Created slice User and Session Slice.
[[0;32m  OK  [0[   20.680708] iscsi: registered transport (iser)
m] Created slice User and Session Slice.
[   20.740728] systemd[1]: Reached target Slices.
[[0;32m  OK  [0m] Reached target Slices.
[   20.828550] systemd[1]: Mounted POSIX Message Queue File System.
[[0;32m  OK  [0m] Mounted POSIX Message Queue File System.
[   20.924965] systemd[1]: Mounted Huge Pages File System.
[[0;32m  OK  [0m] Mounted Huge Pages File System.
[   21.008946] systemd[1]: Mounted Debug File System.
[[0;32m  OK  [0m] Mounted Debug File System.
[   21.068900] systemd[1]: Started Journal Service.
[[0;32m  OK  [0m] Started Journal Service.
[[0;32m  OK  [0m] Started Remount Root and Kernel File Systems.
[[0;32m  OK  [0m] Started Create list of required sta...ce nodes for the current kernel.
[[0;32m  OK  [0m] Started Set console keymap.
[[0;32m  OK  [0m] Started Load Kernel Modules.
[[0;32m  OK  [0m] Started Uncomplicated firewall.
[[0;32m  OK  [0m] Started Nameserver information manager.
[[0;32m  OK  [0m] Started LVM2 metadata daemon.
         Mounting FUSE Control File System...
         Starting Apply Kernel Variables...
         Starting Create Static Device Nodes in /dev...
         Starting Initial cloud-init job (pre-networking)...
         Starting Load/Save Random Seed...
         Starting udev Coldplug all Devices...
         Starting Flush Journal to Persistent Storage...
[[0;32m  OK  [0m] Mounted FUSE Control File System.
[[0;32m  OK  [0m] Started Apply Kernel Variables.
[[0;32m  OK  [0m] Started Create Static Device Nodes in /dev.
[[0;32m  OK  [0m] Started Load/Save Random Seed.
[[0;32m  OK  [0m] Started Monitoring of LVM2 mirrors,...ng dmeventd or progress polling.
[[0;32m  OK  [0m] Started Flush Journal to Persistent Storage.
[[0;32m  OK  [0m] Started udev Coldplug all Devices.
         Starting udev Kernel Device Manager...
[[0;32m  OK  [0m] Started udev Kernel Device Manager.
[[0;32m  OK  [0m] Started Dispatch Password Requests to Console Directory Watch.
[[0;32m  OK  [0m] Reached target Local File Systems (Pre).
[[0;32m  OK  [0m] Reached target Local File Systems.
         Starting Commit a transient machine-id on disk...
         Starting Tell Plymouth To Write Out Runtime Data...
         Starting LSB: AppArmor initialization...
         Starting Set console font and keymap...
         Starting Create Volatile Files and Directories...
[[0;32m  OK  [0m] Started Commit a transient machine-id on disk.
[[0;32m  OK  [0m] Started Tell Plymouth To Write Out Runtime Data.
[[0;32m  OK  [0m] Started Create Volatile Files and Directories.
[[0;32m  OK  [0m] Found device /dev/ttyS0.
[   17.939542] cloud-init[447]: Cloud-init v. 0.7.9 running 'init-local' at Thu, 10 Aug 2017 10:05:20 +0000. Up 17.44 seconds.
[[0;32m  OK  [0m] Started Initial cloud-init job (pre-networking).
[[0;1;31mFAILED[0m] Failed to start Set console font and keymap.
See 'systemctl status console-setup.service' for details.
[[0;32m  OK  [0m] Started LSB: AppArmor initialization.
[[0;32m  OK  [0m] Listening on Load/Save RF Kill Switch Status /dev/rfkill Watch.
[[0;32m  OK  [0m] Created slice system-getty.slice.
[[0;32m  OK  [0m] Reached target Network (Pre).
         Starting Raise network interfaces...
[[0;32m  OK  [0m] Reached target System Time Synchronized.
         Starting Update UTMP about System Boot/Shutdown...
[[0;32m  OK  [0m] Started Update UTMP about System Boot/Shutdown.
[[0;32m  OK  [0m] Started Raise network interfaces.
[[0;32m  OK  [0m] Reached target Network.
         Starting Initial cloud-init job (metadata service crawler)...
[   21.691313] cloud-init[912]: Cloud-init v. 0.7.9 running 'init' at Thu, 10 Aug 2017 10:05:23 +0000. Up 21.07 seconds.
[   21.761403] [cloud-init[0;32m  OK  [0m[912]: ] ci-info: ++++++++++++++++++++++++++++++++++++++Net device info++++++++++++++++++++++++++++++++++++++Started Initial cloud-init job (metadata service crawler).

[   21.762470] cloud-init[912]: ci-info: +--------+-------+----------------------------+---------------+-------+-------------------+
[   21.976860] [cloud-init[0;32m  OK  [0m[912]: ] ci-info: | Device |   Up  |          Address           |      Mask     | Scope |     Hw-Address    |Reached target Network is Online.

[   21.977815] cloud-init[912]: ci-info: +--------+-------+----------------------------+---------------+-------+-------------------+
[   22.164729]          cloud-initStarting iSCSI initiator daemon (iscsid)...[912]: 
ci-info: | enp0s3 |  True |         10.0.2.15          | 255.255.255.0 |   .   | 02:c0:e2:3c:71:11 |
[   22.272851] [cloud-init[0;32m  OK  [0m[912]: ] ci-info: | enp0s3 |  True | fe80::c0:e2ff:fe3c:7111/64 |       .       |  link | 02:c0:e2:3c:71:11 |Reached target Cloud-config availability.

[   22.274026] [cloud-init[0;32m  OK  [0m[912]: ] ci-info: |   lo   |  True |         127.0.0.1          |   255.0.0.0   |   .   |         .         |Reached target System Initialization.

[   22.460967] [cloud-init[0;32m  OK  [0m[912]: ] ci-info: |   lo   |  True |          ::1/128           |       .       |  host |         .         |Started Timer to automatically refresh installed snaps.

[[0;32m  OK  [0m] Started Daily Cleanup of Temporary Directories.
         Starting Socket activation for snappy daemon.
[[0;32m  OK  [0m] Started Daily apt download activities.
[[0;32m  OK  [0m] Started Daily apt upgrade and clean activities.
[[0;32m  OK  [0m] Reached target Timers.
[   22.462164] cloud-init[912]: ci-info: | enp0s8 | False |             .              |       .       |   .   | 08:00:27:b7:5d:a7 |
         Starting LXD - unix socket.
[[0;32m  OK  [0m] Listening on ACPID Listen Socket.
[[0;32m  OK  [0m] Listening on D-Bus System Message Bus Socket.
[   22.650998] cloud-init[912]: ci-info: +--------+-------+----------------------------+---------------+-------+-------------------+
[   22.769041] [cloud-init[0;32m  OK  [0m[912]: ] ci-info: +++++++++++++++++++++++++++Route IPv4 info++++++++++++++++++++++++++++Listening on UUID daemon activation socket.

[   22.770144] [cloud-init[0;32m  OK  [0m[912]: ] ci-info: +-------+-------------+----------+---------------+-----------+-------+Started ACPI Events Check.

[[0;32m  OK  [0m] Reached target Paths.
[   22.918752] cloud-init[912]: ci-info: | Route | Destination | Gateway  |    Genmask    | Interface | Flags |
[   22.981124] cloud-init[912]: ci-info: +-------+-------------+----------+---------------+-----------+-------+
[   23.034429] cloud-init[912]: ci-info: |   0   |   0.0.0.0   | 10.0.2.2 |    0.0.0.0    |   enp0s3  |   UG  |
[   23.082580] cloud-init[912]: ci-info: |   1   |   10.0.2.0  | 0.0.0.0  | 255.255.255.0 |   enp0s3  |   U   |
[[0;32m  OK  [0m] Listening on Socket activation for snappy daemon.
[[0;32m  OK  [0m] Listening on LXD - unix socket.
[   23.101091] cloud-init[912]: ci-info: +-------+-------------+----------+---------------+-----------+-------+
[   23.216949] cloud-init[912]: Generating public/private rsa key pair.
[[0;32m  OK  [0m] Started iSCSI initiator daemon (iscsid).
[   23.239419] cloud-init[912]: Your identification has been saved in /etc/ssh/ssh_host_rsa_key.
[   23.321905] cloud-init[912]: Your public key has been saved in /etc/ssh/ssh_host_rsa_key.pub.
[   23.365914] cloud-init[912]: The key fingerprint is:
         Starting Login to default iSCSI targets...
[[0;32m  OK  [0m] Reached target Sockets.
[[0;32m  OK  [0m] Reached target Basic System.
[   23.387396] cloud-init[912]: SHA256:hL5adaIf2hQdxe5+/hPc0nVf5gud0HSY1xQuoGUm+ck root@ubuntu-xenial
[   23.490472] cloud-init         [912]: Starting Pollinate to seed the pseudo random number generator...The key's randomart image is:

[   23.564611] [cloud-init[0;32m  OK  [0m[912]: ] +---[RSA 2048]----+Started D-Bus System Message Bus.

[   23.565443] cloud-init[912]: |         ..*.  =+|
[   23.668943]          cloud-initStarting Login Service...[912]: 
|       . .*.o +.+|
[   23.708745]          cloud-initStarting System Logging Service...[912]: 
|      . ..+...oo.|
         Starting Accounts Service...
[   23.744803] cloud-init[912]: |     . . . E....=|
[[0;32m  OK  [0m] Started Deferred execution scheduler.
[   23.785201] cloud-init[912]: |      . S o.  ++B|
[   23.796504] cloud-init[912]: |       + +  ...==|
[   23.824520]          Starting LSB: MD monitoring daemon...
cloud-init[912]: |      + o  .  ..o|
[   23.842745]          Starting LSB: Record successful boot for GRUB...
cloud-init[912]: |     o = .  . .o |
         Starting LXD - container startup/shutdown...
[   23.872513] cloud-init[912]: |    . . o    o..o|
[   23.892724] cloud-init[912]: +----[SHA256]-----+
[   23.895787] cloud-init[912]: Generating public/private dsa key pair.
[   23.928999] cloud-init[912]: Your identification has been saved in /etc/ssh/ssh_host_dsa_key.
         Starting /etc/rc.local Compatibility...
[   23.930127] cloud-init[912]: Your public key has been saved in /etc/ssh/ssh_host_dsa_key.pub.
[[0;32m  OK  [0m] Started ACPI event daemon.
[   23.986944] cloud-init[912]: The key fingerprint is:
[[0;32m  OK  [0m] Started Regular background program processing daemon.
[[0;32m  OK  [0m] Started Unattended Upgrades Shutdown.
[   24.008315] cloud-init[912]: SHA256:Zir9Yz3TZE2UBD4S15D78aYbwJ5SGuEQ7qR8wdRmCe8 root@ubuntu-xenial
[[0;32m  OK  [0m] Started FUSE filesystem for LXC.
         Starting Apply the settings specified in cloud-config...
[   24.041243] cloud-init[912]: The key's randomart image is:
[   24.078242] [cloud-init[0;32m  OK  [0m[912]: ] +---[DSA 1024]----+Started Snappy daemon.

[   24.079142] cloud-init[912]: |        +o..+*.. |
[   24.204636]          cloud-initStarting Auto import assertions from block devices...[912]: 
|       + o=+. +  |
[   24.248571] [cloud-init[0;32m  OK  [0m[912]: ] |        *o+ oo   |Started System Logging Service.

[   24.249382] cloud-init[912]: |     . + = +..o  |
[   24.324721] [cloud-init[0;32m  OK  [0m[912]: ] |      o S E ++ o |Started Pollinate to seed the pseudo random number generator.

[   24.388473] cloud-init[912]: |     . =   =ooo o|
[   24.420647] cloud-init[912]: |    . o  .o+o .o |
[   24.444901] cloud-init[912]: |     . .o +.. .. |
[   24.472556] cloud-init[912]: |       ... o  .. |
[[0;32m  OK  [0m] Started LXD - container startup/shutdown.
[[0;32m  OK  [0m] Started /etc/rc.local Compatibility.
[[0;32m  OK  [0m] Started Auto import assertions from block devices.
[   24.489202] cloud-init[912]: +----[SHA256]-----+
[   24.608639] cloud-init[912]: Generating public/private ecdsa key pair.
[   24.660665] cloud-init[912]: Your identification has been saved in /etc/ssh/ssh_host_ecdsa_key.
[[0;32m  OK  [0m] Started Login to default iSCSI targets.
[   24.718015] cloud-init[912]: Your public key has been saved in /etc/ssh/ssh_host_ecdsa_key.pub.
[   24.736663] cloud-init[912]: The key fingerprint is:
[   24.740537] cloud-init[912]: SHA256:GmdHlcOZAxoC9LP+J/rILklar+qGTkuCyIDrBi7iOKI root@ubuntu-xenial
[   24.747972] cloud-init[912]: The key's randomart image is:
[   24.781039] cloud-init[912]: +---[ECDSA 256]---+
[   24.791485] cloud-init[912]: |   .o.. . .o.+   |
[   24.808719] cloud-init[912]: |     . . o .B    |
[   24.817629] cloud-init[912]: |      o . .  o   |
[[0;32m  OK  [0m] Started LSB: Record successful boot for GRUB.
[[0;32m  OK  [0m] Started LSB: MD monitoring daemon.
[   24.833375] cloud-init[912]: |.      o .       |
[   24.860592] cloud-init[912]: |o     o S .      |
[   24.868588] cloud-init[912]: |*.  o. = .       |
[   24.871506] cloud-init[912]: |B= + oo          |
[   24.876595] cloud-init[912]: |%o+ o..o. .      |
[   24.881307] cloud-init[912]: |EOo..+=ooo       |
[   24.884655] cloud-init[912]: +----[SHA256]-----+
[   24.891467] cloud-init[912]: Generating public/private ed25519 key pair.
[   24.901139] cloud-init[912]: Your identification has been saved in /etc/ssh/ssh_host_ed25519_key.
[   24.912621] cloud-init[912]: Your public key has been saved in /etc/ssh/ssh_host_ed25519_key.pub.
[   24.928466] cloud-init[912]: The key fingerprint is:
[   24.956589] cloud-init[912]: SHA256:CTFTmA2+DifhEmC3unMkKmdc6cqh6WkbFlIfKZIPWdQ root@ubuntu-xenial
[   24.957692] cloud-init[912]: The key's randomart image is:
[   24.957924] cloud-init[912]: +--[ED25519 256]--+
[   24.958046] cloud-init[912]: |.ooo  =*.        |
[   24.958138] cloud-init[912]: |.=. Eoo+.        |
[   24.958278] cloud-init[912]: |= +.+ o          |
[[   24.958405] [0;32m  OK  [0mcloud-init] [912]: Started Login Service.| =.= + o .       |

[   24.958520] cloud-init[912]: |.+o.B o S        |
[   25.145836]          Starting Authenticate and Authorize Users to Run Privileged Tasks...
[[0;32m  OK  [0m] Reached target Remote File Systems (Pre).
cloud-init[912]: |o.=+ =           |
[[0;32m  OK  [0m] Reached target Remote File Systems.
[   25.179416] cloud-init[912]: |o==.. .          |
[   25.187889] cloud-init[912]: |oB=o             |
         Starting LSB: automatic crash report generation...
         Starting LSB: VirtualBox Linux Additions...
[   25.192079] cloud-init[912]: |=++              |
         Starting Permit User Sessions...
         Starting LSB: Set the CPU Frequency Scaling governor to "ondemand"...
         Starting LSB: daemon to balance interrupts for SMP systems...
[   25.202029] cloud-init[912]: +----[SHA256]-----+
         Starting OpenBSD Secure Shell server...
[[0;32m  OK  [0m] Started Permit User Sessions.
[[0;32m  OK  [0m] Started Authenticate and Authorize Users to Run Privileged Tasks.
[[0;32m  OK  [0m] Started OpenBSD Secure Shell server.
[[0;32m  OK  [0m] Started Accounts Service.
[   25.312216] cloud-init[1110]: Generating locales (this might take a while)...
         Starting Terminate Plymouth Boot Screen...
         Starting Hold until boot process finishes up...
[[0;32m  OK  [0m] Started LSB: Set the CPU Frequency Scaling governor to "ondemand".
[[0;32m  OK  [0m] Started Hold until boot process finishes up.
[[0;32m  OK  [0m] Started LSB: automatic crash report generation.
[[0;32m  OK  [0m] Started LSB: daemon to balance interrupts for SMP systems.
[[0;32m  OK  [0m] Started Terminate Plymouth Boot Screen.
[[0;32m  OK  [0m] Started Getty on tty1.
         Starting Set console scheme...
[[0;32m  OK  [0m] Started Serial Getty on ttyS0.
[[0;32m  OK  [0m] Reached target Login Prompts.
[[0;32m  OK  [0m] Started LSB: VirtualBox Linux Additions.
[[0;32m  OK  [0m] Started Set console scheme.
[[0;32m  OK  [0m] Reached target Multi-User System.
[[0;32m  OK  [0m] Reached target Graphical Interface.
         Starting Update UTMP about System Runlevel Changes...
[[0;32m  OK  [0m] Started Update UTMP about System Runlevel Changes.
[   26.942649] cloud-init[1110]:   en_US.UTF-8... done
[   26.984775] cloud-init[1110]: Generation complete.
         Stopping OpenBSD Secure Shell server...
[[0;32m  OK  [0m] Stopped OpenBSD Secure Shell server.
         Starting OpenBSD Secure Shell server...
[[0;32m  OK  [0m] Started OpenBSD Secure Shell server.
[[0;32m  OK  [0m] Created slice User Slice of ubuntu.
         Starting User Manager for UID 1000...
[[0;32m  OK  [0m] Started User Manager for UID 1000.
[[0;32m  OK  [0m] Started Session 1 of user ubuntu.
[   27.498639] cloud-init[1110]: Cloud-init v. 0.7.9 running 'modules:config' at Thu, 10 Aug 2017 10:05:27 +0000. Up 24.73 seconds.
[[0;32m  OK  [0m] Started Apply the settings specified in cloud-config.
         Starting Execute cloud user/final scripts...
ci-info: no authorized ssh keys fingerprints found for user ubuntu.
<14>Aug 10 10:05:31 ec2: 
<14>Aug 10 10:05:31 ec2: #############################################################
<14>Aug 10 10:05:31 ec2: -----BEGIN SSH HOST KEY FINGERPRINTS-----
<14>Aug 10 10:05:31 ec2: 1024 SHA256:Zir9Yz3TZE2UBD4S15D78aYbwJ5SGuEQ7qR8wdRmCe8 root@ubuntu-xenial (DSA)
<14>Aug 10 10:05:31 ec2: 256 SHA256:GmdHlcOZAxoC9LP+J/rILklar+qGTkuCyIDrBi7iOKI root@ubuntu-xenial (ECDSA)
<14>Aug 10 10:05:31 ec2: 256 SHA256:CTFTmA2+DifhEmC3unMkKmdc6cqh6WkbFlIfKZIPWdQ root@ubuntu-xenial (ED25519)
<14>Aug 10 10:05:31 ec2: 2048 SHA256:hL5adaIf2hQdxe5+/hPc0nVf5gud0HSY1xQuoGUm+ck root@ubuntu-xenial (RSA)
<14>Aug 10 10:05:31 ec2: -----END SSH HOST KEY FINGERPRINTS-----
<14>Aug 10 10:05:31 ec2: #############################################################
-----BEGIN SSH HOST KEY KEYS-----
ecdsa-sha2-nistp256 AAAAE2VjZHNhLXNoYTItbmlzdHAyNTYAAAAIbmlzdHAyNTYAAABBBFv1ZItkunUXr1z7ZP8ntgft20XqqMvZHD71+0FnP4n29R4oF/vAo0rJF/BrQ+scMqfwiE5ZPFwELQ/drsC4Oyo= root@ubuntu-xenial
ssh-ed25519 AAAAC3NzaC1lZDI1NTE5AAAAIPoPjM4FCPKGCynHawbBhvHo1naJlYczj6n/wDB2BV6U root@ubuntu-xenial
ssh-rsa AAAAB3NzaC1yc2EAAAADAQABAAABAQCvclRTHso2N8vWogkNyahqW8IJIUnCoOb94qTAEPqG9uhUrsg/3JCjAwoea/HstUjlKjQrD73etbYkgO9cu4+xvWmSs4OOVNwoNvzI/ANbOZjzRjODI8R2HO/LT/aHkOiVqJ9kdG/rqvxuBWG6qoTn5P0Sq5Y/mBNojkbuUdHoN0U1Ywgm5Q0CGvm1hVZ3zFSYy0r8oCxy3w1jvKzvDgsVHm5BKqPbGdkKbPRNWLd2ttEv13hXZxP2Lj0FzcTV7qePSZam+Gw2Enwv1eqS5TBzyfBpjHo75MqHhzFbtg3FGrsc330njZ4JhqwtW/potu2OhJm1h48ibL2LiBE2YqV3 root@ubuntu-xenial
-----END SSH HOST KEY KEYS-----
[   28.691630] cloud-init[1362]: Cloud-init v. 0.7.9 running 'modules:final' at Thu, 10 Aug 2017 10:05:30 +0000. Up 28.15 seconds.
[   28.708341] cloud-init[1362]: ci-info: no authorized ssh keys fingerprints found for user ubuntu.
[   28.713326] cloud-init[1362]: Cloud-init v. 0.7.9 finished at Thu, 10 Aug 2017 10:05:31 +0000. Datasource DataSourceNoCloud [seed=/dev/sdb][dsmode=net].  Up 28.68 seconds
[[0;32m  OK  [0m] Started Execute cloud user/final scripts.
[[0;32m  OK  [0m] Reached target Cloud-init target.

Ubuntu 16.04.3 LTS ubuntu-xenial ttyS0

ubuntu-xenial login: 